<?xml version="1.0" encoding="utf-8"?><testsuites name="pytest tests"><testsuite name="pytest" errors="0" failures="0" skipped="0" tests="5" time="2.340" timestamp="2026-06-30T00:55:42.664750+00:00" hostname="agent-env-d60ebb00-6a72-4806-a7a5-350c567bbb6a"><testcase classname="backend.tests.test_menu_revision" name="test_version_baseline" time="0.325" /><testcase classname="backend.tests.test_menu_revision" name="test_menu_list_returns_array" time="0.099" /><testcase classname="backend.tests.test_menu_revision" name="test_create_bumps_rev_and_count" time="1.649" /><testcase classname="backend.tests.test_menu_revision" name="test_delete_nonexistent_returns_404" time="0.099" /><testcase classname="backend.tests.test_menu_revision" name="test_admin_endpoints_require_auth" time="0.102" /></testsuite></testsuites>