<?xml version="1.0" encoding="utf-8"?><testsuites name="pytest tests"><testsuite name="pytest" errors="0" failures="0" skipped="0" tests="14" time="2.006" timestamp="2026-06-27T15:22:54.168676+00:00" hostname="agent-env-d60ebb00-6a72-4806-a7a5-350c567bbb6a"><testcase classname="backend.tests.test_loyalty_api" name="test_health" time="0.130" /><testcase classname="backend.tests.test_loyalty_api" name="test_admin_login_returns_admin_flag" time="0.271" /><testcase classname="backend.tests.test_loyalty_api" name="test_admin_login_invalid" time="0.266" /><testcase classname="backend.tests.test_loyalty_api" name="test_otp_request_demo_mode_returns_code" time="0.047" /><testcase classname="backend.tests.test_loyalty_api" name="test_otp_verify_creates_or_logs_in" time="0.090" /><testcase classname="backend.tests.test_loyalty_api" name="test_public_menu_returns_items" time="0.043" /><testcase classname="backend.tests.test_loyalty_api" name="test_admin_menu_crud" time="0.494" /><testcase classname="backend.tests.test_loyalty_api" name="test_admin_menu_requires_auth" time="0.043" /><testcase classname="backend.tests.test_loyalty_api" name="test_admin_scan_and_add_pizza_and_redeem" time="0.185" /><testcase classname="backend.tests.test_loyalty_api" name="test_admin_dashboard" time="0.049" /><testcase classname="backend.tests.test_loyalty_api" name="test_public_ads_slides" time="0.051" /><testcase classname="backend.tests.test_loyalty_api" name="test_admin_ad_slide_crud" time="0.153" /><testcase classname="backend.tests.test_loyalty_api" name="test_admin_search_by_phone" time="0.046" /><testcase classname="backend.tests.test_loyalty_api" name="test_admin_search_by_name" time="0.046" /></testsuite></testsuites>